2026-05-05 18:04:42 | INFO     | src.pipeline | ============================================================
2026-05-05 18:04:42 | INFO     | src.pipeline | RETAIL ETL PIPELINE — STREAMING MODE
2026-05-05 18:04:42 | INFO     | src.pipeline | Started at: 2026-05-05 18:04:42
2026-05-05 18:04:42 | INFO     | src.pipeline | ============================================================
2026-05-05 18:04:42 | INFO     | src.pipeline | Source file: retail_sales_dataset.csv (50.46 KB)
2026-05-05 18:04:42 | INFO     | src.pipeline | Cleared previous processed output file
2026-05-05 18:04:42 | INFO     | src.extract | Starting streaming extraction from: data/raw/retail_sales_dataset.csv
2026-05-05 18:04:42 | INFO     | src.extract | Batch size: 100 rows | Delay: 2s between batches
2026-05-05 18:04:42 | INFO     | src.extract | Batch 1: extracted 100 rows (running total: 100)
2026-05-05 18:04:42 | INFO     | src.pipeline | ------------------------------------------------------------
2026-05-05 18:04:42 | INFO     | src.pipeline | Processing batch 1 (100 rows)...
2026-05-05 18:04:42 | INFO     | src.transform | Starting transform on 100 rows (batch_id=1)
2026-05-05 18:04:42 | INFO     | src.transform | Validation removed 0 invalid records
2026-05-05 18:04:42 | INFO     | src.transform | Feature engineering done — 17 total columns
2026-05-05 18:04:42 | INFO     | src.load | Writing 100 rows to 'retail_transactions' in data/retail_pipeline.db
2026-05-05 18:04:42 | INFO     | src.load | DB write complete — 100 rows inserted
2026-05-05 18:04:42 | INFO     | src.load | Saved 100 rows to data/processed/retail_sales_processed.csv (header=yes)
2026-05-05 18:04:44 | INFO     | src.extract | Batch 2: extracted 100 rows (running total: 200)
2026-05-05 18:04:44 | INFO     | src.pipeline | ------------------------------------------------------------
2026-05-05 18:04:44 | INFO     | src.pipeline | Processing batch 2 (100 rows)...
2026-05-05 18:04:44 | INFO     | src.transform | Starting transform on 100 rows (batch_id=2)
2026-05-05 18:04:44 | INFO     | src.transform | Validation removed 0 invalid records
2026-05-05 18:04:44 | INFO     | src.transform | Feature engineering done — 17 total columns
2026-05-05 18:04:44 | INFO     | src.load | Writing 100 rows to 'retail_transactions' in data/retail_pipeline.db
2026-05-05 18:04:44 | INFO     | src.load | DB write complete — 100 rows inserted
2026-05-05 18:04:44 | INFO     | src.load | Saved 100 rows to data/processed/retail_sales_processed.csv (header=no)
2026-05-05 18:04:46 | INFO     | src.extract | Batch 3: extracted 100 rows (running total: 300)
2026-05-05 18:04:46 | INFO     | src.pipeline | ------------------------------------------------------------
2026-05-05 18:04:46 | INFO     | src.pipeline | Processing batch 3 (100 rows)...
2026-05-05 18:04:46 | INFO     | src.transform | Starting transform on 100 rows (batch_id=3)
2026-05-05 18:04:46 | INFO     | src.transform | Validation removed 0 invalid records
2026-05-05 18:04:46 | INFO     | src.transform | Feature engineering done — 17 total columns
2026-05-05 18:04:46 | INFO     | src.load | Writing 100 rows to 'retail_transactions' in data/retail_pipeline.db
2026-05-05 18:04:46 | INFO     | src.load | DB write complete — 100 rows inserted
2026-05-05 18:04:46 | INFO     | src.load | Saved 100 rows to data/processed/retail_sales_processed.csv (header=no)
2026-05-05 18:04:48 | INFO     | src.extract | Batch 4: extracted 100 rows (running total: 400)
2026-05-05 18:04:48 | INFO     | src.pipeline | ------------------------------------------------------------
2026-05-05 18:04:48 | INFO     | src.pipeline | Processing batch 4 (100 rows)...
2026-05-05 18:04:48 | INFO     | src.transform | Starting transform on 100 rows (batch_id=4)
2026-05-05 18:04:48 | INFO     | src.transform | Validation removed 0 invalid records
2026-05-05 18:04:48 | INFO     | src.transform | Feature engineering done — 17 total columns
2026-05-05 18:04:48 | INFO     | src.load | Writing 100 rows to 'retail_transactions' in data/retail_pipeline.db
2026-05-05 18:04:48 | INFO     | src.load | DB write complete — 100 rows inserted
2026-05-05 18:04:48 | INFO     | src.load | Saved 100 rows to data/processed/retail_sales_processed.csv (header=no)
2026-05-05 18:04:50 | INFO     | src.extract | Batch 5: extracted 100 rows (running total: 500)
2026-05-05 18:04:50 | INFO     | src.pipeline | ------------------------------------------------------------
2026-05-05 18:04:50 | INFO     | src.pipeline | Processing batch 5 (100 rows)...
2026-05-05 18:04:50 | INFO     | src.transform | Starting transform on 100 rows (batch_id=5)
2026-05-05 18:04:50 | INFO     | src.transform | Validation removed 0 invalid records
2026-05-05 18:04:50 | INFO     | src.transform | Feature engineering done — 17 total columns
2026-05-05 18:04:50 | INFO     | src.load | Writing 100 rows to 'retail_transactions' in data/retail_pipeline.db
2026-05-05 18:04:50 | INFO     | src.load | DB write complete — 100 rows inserted
2026-05-05 18:04:50 | INFO     | src.load | Saved 100 rows to data/processed/retail_sales_processed.csv (header=no)
2026-05-05 18:04:52 | INFO     | src.extract | Batch 6: extracted 100 rows (running total: 600)
2026-05-05 18:04:52 | INFO     | src.pipeline | ------------------------------------------------------------
2026-05-05 18:04:52 | INFO     | src.pipeline | Processing batch 6 (100 rows)...
2026-05-05 18:04:52 | INFO     | src.transform | Starting transform on 100 rows (batch_id=6)
2026-05-05 18:04:52 | INFO     | src.transform | Validation removed 0 invalid records
2026-05-05 18:04:52 | INFO     | src.transform | Feature engineering done — 17 total columns
2026-05-05 18:04:52 | INFO     | src.load | Writing 100 rows to 'retail_transactions' in data/retail_pipeline.db
2026-05-05 18:04:52 | INFO     | src.load | DB write complete — 100 rows inserted
2026-05-05 18:04:52 | INFO     | src.load | Saved 100 rows to data/processed/retail_sales_processed.csv (header=no)
2026-05-05 18:04:54 | INFO     | src.extract | Batch 7: extracted 100 rows (running total: 700)
2026-05-05 18:04:54 | INFO     | src.pipeline | ------------------------------------------------------------
2026-05-05 18:04:54 | INFO     | src.pipeline | Processing batch 7 (100 rows)...
2026-05-05 18:04:54 | INFO     | src.transform | Starting transform on 100 rows (batch_id=7)
2026-05-05 18:04:54 | INFO     | src.transform | Validation removed 0 invalid records
2026-05-05 18:04:55 | INFO     | src.transform | Feature engineering done — 17 total columns
2026-05-05 18:04:55 | INFO     | src.load | Writing 100 rows to 'retail_transactions' in data/retail_pipeline.db
2026-05-05 18:04:55 | INFO     | src.load | DB write complete — 100 rows inserted
2026-05-05 18:04:55 | INFO     | src.load | Saved 100 rows to data/processed/retail_sales_processed.csv (header=no)
2026-05-05 18:04:57 | INFO     | src.extract | Batch 8: extracted 100 rows (running total: 800)
2026-05-05 18:04:57 | INFO     | src.pipeline | ------------------------------------------------------------
2026-05-05 18:04:57 | INFO     | src.pipeline | Processing batch 8 (100 rows)...
2026-05-05 18:04:57 | INFO     | src.transform | Starting transform on 100 rows (batch_id=8)
2026-05-05 18:04:57 | INFO     | src.transform | Validation removed 0 invalid records
2026-05-05 18:04:57 | INFO     | src.transform | Feature engineering done — 17 total columns
2026-05-05 18:04:57 | INFO     | src.load | Writing 100 rows to 'retail_transactions' in data/retail_pipeline.db
2026-05-05 18:04:57 | INFO     | src.load | DB write complete — 100 rows inserted
2026-05-05 18:04:57 | INFO     | src.load | Saved 100 rows to data/processed/retail_sales_processed.csv (header=no)
2026-05-05 18:04:59 | INFO     | src.extract | Batch 9: extracted 100 rows (running total: 900)
2026-05-05 18:04:59 | INFO     | src.pipeline | ------------------------------------------------------------
2026-05-05 18:04:59 | INFO     | src.pipeline | Processing batch 9 (100 rows)...
2026-05-05 18:04:59 | INFO     | src.transform | Starting transform on 100 rows (batch_id=9)
2026-05-05 18:04:59 | INFO     | src.transform | Validation removed 0 invalid records
2026-05-05 18:04:59 | INFO     | src.transform | Feature engineering done — 17 total columns
2026-05-05 18:04:59 | INFO     | src.load | Writing 100 rows to 'retail_transactions' in data/retail_pipeline.db
2026-05-05 18:04:59 | INFO     | src.load | DB write complete — 100 rows inserted
2026-05-05 18:04:59 | INFO     | src.load | Saved 100 rows to data/processed/retail_sales_processed.csv (header=no)
2026-05-05 18:05:01 | INFO     | src.extract | Batch 10: extracted 100 rows (running total: 1,000)
2026-05-05 18:05:01 | INFO     | src.pipeline | ------------------------------------------------------------
2026-05-05 18:05:01 | INFO     | src.pipeline | Processing batch 10 (100 rows)...
2026-05-05 18:05:01 | INFO     | src.transform | Starting transform on 100 rows (batch_id=10)
2026-05-05 18:05:01 | INFO     | src.transform | Validation removed 0 invalid records
2026-05-05 18:05:01 | INFO     | src.transform | Feature engineering done — 17 total columns
2026-05-05 18:05:01 | INFO     | src.load | Writing 100 rows to 'retail_transactions' in data/retail_pipeline.db
2026-05-05 18:05:01 | INFO     | src.load | DB write complete — 100 rows inserted
2026-05-05 18:05:01 | INFO     | src.load | Saved 100 rows to data/processed/retail_sales_processed.csv (header=no)
2026-05-05 18:05:03 | INFO     | src.extract | Extraction complete — 10 batches, 1,000 total rows
2026-05-05 18:05:03 | INFO     | src.pipeline | ============================================================
2026-05-05 18:05:03 | INFO     | src.pipeline | PIPELINE COMPLETE
2026-05-05 18:05:03 | INFO     | src.pipeline |   Batches processed : 10
  Batches failed    : 0
  Rows extracted    : 1,000
  Rows transformed  : 1,000
  Rows loaded       : 1,000
  Duration          : 20.78s
  Success rate      : 100.0%
2026-05-05 18:05:03 | INFO     | src.pipeline |   DB row count      : 2,000
2026-05-05 18:05:03 | INFO     | src.pipeline | ============================================================
2026-05-05 18:05:03 | INFO     | main | All done. Exiting.
